09:23:51 [main] INFO  org.testng.internal.Utils - [TestNG] Running:
  D:\Automation Files\Automation Project\Opencart\TestNG.xml

09:23:55 [main] INFO  testCases.TC001_AccountRegistrationTest - *****Starting TC001_AccountRegistrationTest*****
09:24:01 [main] INFO  testCases.TC001_AccountRegistrationTest - *** Finished TC001_AccountRegistrationTest ***
09:24:04 [main] INFO  testCases.TC002_LoginTest - **Starting TC002_LoginTest**
09:24:07 [main] INFO  testCases.TC002_LoginTest - **Finished TC002_LoginTest**
09:24:10 [main] INFO  testCases.TC003_HeaderTest - Starting Header Section Verification
09:24:15 [main] INFO  testCases.TC003_HeaderTest - ******** Finished Header Section Verification ********
09:24:18 [main] INFO  testCases.TC004_ProductPageTest - ******** Starting TC004_ProductPageTest ********
09:24:23 [main] INFO  testCases.TC004_ProductPageTest - ******** Finished TC004_ProductPageTest ********
09:24:26 [main] INFO  testCases.TC005_PrdctDscptnTest - ******** Starting TC005_ProductDescriptionTest ********
09:24:32 [main] INFO  testCases.TC005_PrdctDscptnTest - ******** Finished TC005_ProductDescriptionTest ********
09:24:35 [main] INFO  testCases.TC006_ShoppingCartTest - ******** Starting TC006_ShoppingCartTest ********
09:24:46 [main] INFO  testCases.TC007_CheckoutPageTest - ******** Starting TC007_CheckoutPageTest ********
09:25:09 [main] INFO  testCases.TC007_CheckoutPageTest - ******** Finished TC007_CheckoutPageTest ********
09:25:15 [main] INFO  testCases.TC008_LoginDDT - ***Starting TC008_LoginDataDrivenTest***
09:25:28 [main] INFO  testCases.TC008_LoginDDT - ***Finished TC008_LoginDataDrivenTest***
09:25:28 [main] INFO  testCases.TC008_LoginDDT - ***Starting TC008_LoginDataDrivenTest***
09:25:40 [main] INFO  testCases.TC008_LoginDDT - ***Finished TC008_LoginDataDrivenTest***
09:25:40 [main] INFO  testCases.TC008_LoginDDT - ***Starting TC008_LoginDataDrivenTest***
09:25:53 [main] INFO  testCases.TC008_LoginDDT - ***Finished TC008_LoginDataDrivenTest***
09:25:53 [main] INFO  testCases.TC008_LoginDDT - ***Starting TC008_LoginDataDrivenTest***
09:25:57 [main] INFO  testCases.TC008_LoginDDT - ***Finished TC008_LoginDataDrivenTest***
09:25:57 [main] INFO  testCases.TC008_LoginDDT - ***Starting TC008_LoginDataDrivenTest***
09:26:09 [main] INFO  testCases.TC008_LoginDDT - ***Finished TC008_LoginDataDrivenTest***
09:26:09 [main] INFO  testCases.TC008_LoginDDT - ***Starting TC008_LoginDataDrivenTest***
09:26:22 [main] INFO  testCases.TC008_LoginDDT - ***Finished TC008_LoginDataDrivenTest***
09:26:22 [main] INFO  testCases.TC008_LoginDDT - ***Starting TC008_LoginDataDrivenTest***
09:26:34 [main] INFO  testCases.TC008_LoginDDT - ***Finished TC008_LoginDataDrivenTest***
09:34:27 [main] INFO  org.testng.internal.Utils - [Utils] MethodGroupsHelper.collectMethodsByGroup() took 1 ms.
09:34:27 [main] INFO  org.testng.internal.Utils - [Utils] MethodGroupsHelper.sortMethods() took 1 ms.
09:34:27 [main] INFO  org.testng.internal.Utils - [Utils] MethodGroupsHelper.collectMethodsByGroup() took 0 ms.
09:34:27 [main] INFO  org.testng.internal.Utils - [Utils] MethodGroupsHelper.sortMethods() took 0 ms.
09:34:27 [main] INFO  org.testng.internal.Utils - [Utils] MethodGroupsHelper.collectMethodsByGroup() took 0 ms.
09:34:27 [main] INFO  org.testng.internal.Utils - [Utils] MethodGroupsHelper.sortMethods() took 0 ms.
09:34:27 [main] INFO  org.testng.internal.Utils - [Utils] MethodGroupsHelper.collectMethodsByGroup() took 0 ms.
09:34:27 [main] INFO  org.testng.internal.Utils - [Utils] MethodGroupsHelper.sortMethods() took 0 ms.
09:34:27 [main] INFO  org.testng.internal.Utils - [Utils] MethodGroupsHelper.collectMethodsByGroup() took 10 ms.
09:34:27 [main] INFO  org.testng.internal.Utils - [Utils] MethodGroupsHelper.sortMethods() took 16 ms.
09:34:27 [main] INFO  org.testng.internal.Utils - [Utils] MethodGroupsHelper.collectMethodsByGroup() took 1 ms.
09:34:27 [main] INFO  org.testng.internal.Utils - [Utils] MethodGroupsHelper.sortMethods() took 0 ms.
09:34:27 [main] INFO  org.testng.internal.Utils - [Utils] MethodGroupsHelper.collectMethodsByGroup() took 0 ms.
09:34:27 [main] INFO  org.testng.internal.Utils - [Utils] MethodGroupsHelper.sortMethods() took 0 ms.
09:34:27 [main] INFO  org.testng.internal.Utils - [Utils] MethodGroupsHelper.collectMethodsByGroup() took 0 ms.
09:34:27 [main] INFO  org.testng.internal.Utils - [Utils] MethodGroupsHelper.sortMethods() took 0 ms.
09:34:27 [main] INFO  org.testng.internal.Utils - [Utils] MethodGroupsHelper.collectMethodsByGroup() took 0 ms.
09:34:27 [main] INFO  org.testng.internal.Utils - [Utils] MethodGroupsHelper.sortMethods() took 0 ms.
09:34:27 [main] INFO  org.testng.internal.Utils - [Utils] MethodGroupsHelper.collectMethodsByGroup() took 0 ms.
09:34:27 [main] INFO  org.testng.internal.Utils - [Utils] MethodGroupsHelper.sortMethods() took 0 ms.
09:34:27 [main] INFO  org.testng.internal.Utils - [Utils] MethodGroupsHelper.collectMethodsByGroup() took 0 ms.
09:34:27 [main] INFO  org.testng.internal.Utils - [Utils] MethodGroupsHelper.sortMethods() took 0 ms.
09:34:27 [main] INFO  org.testng.internal.Utils - [Utils] MethodGroupsHelper.collectMethodsByGroup() took 0 ms.
09:34:27 [main] INFO  org.testng.internal.Utils - [Utils] MethodGroupsHelper.sortMethods() took 0 ms.
09:34:27 [main] INFO  org.testng.internal.Utils - [Utils] MethodGroupsHelper.collectMethodsByGroup() took 1 ms.
09:34:27 [main] INFO  org.testng.internal.Utils - [Utils] MethodGroupsHelper.sortMethods() took 0 ms.
09:34:27 [main] INFO  org.testng.internal.Utils - [Utils] MethodGroupsHelper.collectMethodsByGroup() took 0 ms.
09:34:27 [main] INFO  org.testng.internal.Utils - [Utils] MethodGroupsHelper.sortMethods() took 0 ms.
09:34:27 [main] INFO  org.testng.internal.Utils - [Utils] MethodGroupsHelper.collectMethodsByGroup() took 0 ms.
09:34:27 [main] INFO  org.testng.internal.Utils - [Utils] MethodGroupsHelper.sortMethods() took 0 ms.
09:34:27 [main] INFO  org.testng.internal.Utils - [TestNG] Running:
  C:\Users\Laptop\AppData\Local\Temp\testng-eclipse--554219385\testng-customsuite.xml

09:34:27 [main] INFO  org.testng.internal.Utils - [Utils] DynamicGraphHelper.createDynamicGraph() took 8 ms.
09:34:27 [main] INFO  org.testng.internal.Utils - [TestNG] Time taken by org.testng.reporters.jq.Main@3381b4fc: 113 ms
09:34:27 [main] INFO  org.testng.internal.Utils - [TestNG] Time taken by org.testng.reporters.FailedReporter@75b25825: 31 ms
09:34:27 [main] INFO  org.testng.internal.Utils - [TestNG] Time taken by org.testng.reporters.XMLReporter@6035b93b: 22 ms
09:34:27 [main] INFO  org.testng.internal.Utils - [TestNG] Time taken by org.testng.reporters.EmailableReporter2@7b8233cd: 18 ms
09:34:27 [main] INFO  org.testng.internal.Utils - [TestNG] Time taken by org.testng.reporters.JUnitReportReporter@25b2cfcb: 13 ms
09:34:27 [main] INFO  org.testng.internal.Utils - [TestNG] Time taken by org.testng.internal.ExitCodeListener@72758afa: 1 ms
09:35:28 [main] INFO  org.testng.internal.Utils - [TestNG] Running:
  D:\Automation Files\Automation Project\Opencart\TestNG.xml

09:35:33 [main] INFO  testCases.TC001_AccountRegistrationTest - *****Starting TC001_AccountRegistrationTest*****
09:35:40 [main] INFO  testCases.TC001_AccountRegistrationTest - *** Finished TC001_AccountRegistrationTest ***
09:35:43 [main] INFO  testCases.TC006_ShoppingCartTest - ******** Starting TC006_ShoppingCartTest ********
09:35:59 [main] INFO  testCases.TC006_ShoppingCartTest - ******** Finished TC006_ShoppingCartTest ********
11:52:51 [main] INFO  org.testng.internal.Utils - [TestNG] Running:
  D:\Automation Files\Automation Project\Opencart\TestNG.xml

11:53:05 [main] INFO  testCases.TC001_AccountRegistrationTest - *****Starting TC001_AccountRegistrationTest*****
11:53:12 [main] INFO  testCases.TC001_AccountRegistrationTest - *** Finished TC001_AccountRegistrationTest ***
11:53:15 [main] INFO  testCases.TC002_LoginTest - **Starting TC002_LoginTest**
11:53:18 [main] INFO  testCases.TC002_LoginTest - **Finished TC002_LoginTest**
11:53:21 [main] INFO  testCases.TC006_ShoppingCartTest - ******** Starting TC006_ShoppingCartTest ********
11:53:36 [main] INFO  testCases.TC006_ShoppingCartTest - ******** Finished TC006_ShoppingCartTest ********
11:55:00 [main] INFO  org.testng.internal.Utils - [TestNG] Running:
  D:\Automation Files\Automation Project\Opencart\TestNG.xml

11:55:05 [main] INFO  testCases.TC001_AccountRegistrationTest - *****Starting TC001_AccountRegistrationTest*****
11:55:12 [main] INFO  testCases.TC001_AccountRegistrationTest - *** Finished TC001_AccountRegistrationTest ***
11:55:15 [main] INFO  testCases.TC002_LoginTest - **Starting TC002_LoginTest**
11:55:18 [main] INFO  testCases.TC002_LoginTest - **Finished TC002_LoginTest**
11:55:21 [main] INFO  testCases.TC006_ShoppingCartTest - ******** Starting TC006_ShoppingCartTest ********
11:55:35 [main] INFO  testCases.TC006_ShoppingCartTest - ******** Finished TC006_ShoppingCartTest ********
11:55:39 [main] INFO  testCases.TC007_CheckoutPageTest - ******** Starting TC007_CheckoutPageTest ********
11:56:02 [main] INFO  testCases.TC007_CheckoutPageTest - ******** Finished TC007_CheckoutPageTest ********
11:58:39 [main] INFO  org.testng.internal.Utils - [TestNG] Running:
  D:\Automation Files\Automation Project\Opencart\TestNG.xml

11:58:46 [main] INFO  testCases.TC001_AccountRegistrationTest - *****Starting TC001_AccountRegistrationTest*****
11:58:54 [main] INFO  testCases.TC001_AccountRegistrationTest - *** Finished TC001_AccountRegistrationTest ***
11:58:58 [main] INFO  testCases.TC002_LoginTest - **Starting TC002_LoginTest**
11:59:01 [main] INFO  testCases.TC002_LoginTest - **Finished TC002_LoginTest**
11:59:05 [main] INFO  testCases.TC006_ShoppingCartTest - ******** Starting TC006_ShoppingCartTest ********
11:59:21 [main] INFO  testCases.TC006_ShoppingCartTest - ******** Finished TC006_ShoppingCartTest ********
11:59:24 [main] INFO  testCases.TC007_CheckoutPageTest - ******** Starting TC007_CheckoutPageTest ********
11:59:46 [main] INFO  testCases.TC007_CheckoutPageTest - ******** Finished TC007_CheckoutPageTest ********
21:27:59 [main] INFO  org.testng.internal.Utils - [TestNG] Running:
  D:\Automation Files\Automation Project\Opencart\TestNG.xml

21:28:44 [main] INFO  testCases.TC001_AccountRegistrationTest - *****Starting TC001_AccountRegistrationTest*****
21:28:54 [main] INFO  testCases.TC001_AccountRegistrationTest - *** Finished TC001_AccountRegistrationTest ***
21:28:58 [main] INFO  testCases.TC002_LoginTest - **Starting TC002_LoginTest**
21:29:02 [main] INFO  testCases.TC002_LoginTest - **Finished TC002_LoginTest**
21:29:05 [main] INFO  testCases.TC006_ShoppingCartTest - ******** Starting TC006_ShoppingCartTest ********
21:29:25 [main] INFO  testCases.TC006_ShoppingCartTest - ******** Finished TC006_ShoppingCartTest ********
21:29:29 [main] INFO  testCases.TC007_CheckoutPageTest - ******** Starting TC007_CheckoutPageTest ********
21:29:52 [main] INFO  testCases.TC007_CheckoutPageTest - ******** Finished TC007_CheckoutPageTest ********
21:30:39 [main] INFO  org.testng.internal.Utils - [TestNG] Running:
  D:\Automation Files\Automation Project\Opencart\TestNG.xml

21:30:46 [main] INFO  testCases.TC001_AccountRegistrationTest - *****Starting TC001_AccountRegistrationTest*****
21:30:53 [main] INFO  testCases.TC001_AccountRegistrationTest - *** Finished TC001_AccountRegistrationTest ***
21:30:57 [main] INFO  testCases.TC002_LoginTest - **Starting TC002_LoginTest**
21:31:00 [main] INFO  testCases.TC002_LoginTest - **Finished TC002_LoginTest**
21:31:03 [main] INFO  testCases.TC006_ShoppingCartTest - ******** Starting TC006_ShoppingCartTest ********
21:31:21 [main] INFO  testCases.TC006_ShoppingCartTest - ******** Finished TC006_ShoppingCartTest ********
21:31:25 [main] INFO  testCases.TC007_CheckoutPageTest - ******** Starting TC007_CheckoutPageTest ********
21:31:50 [main] INFO  testCases.TC007_CheckoutPageTest - ******** Finished TC007_CheckoutPageTest ********
13:32:18 [main] INFO  org.testng.internal.Utils - [TestNG] Running:
  D:\Automation Files\Automation Project\Opencart\grid-docker.xml

13:33:09 [main] INFO  org.testng.internal.Utils - [TestNG] Running:
  D:\Automation Files\Automation Project\Opencart\grid-docker.xml

13:41:52 [main] INFO  org.testng.internal.Utils - [TestNG] Running:
  D:\Automation Files\Automation Project\Opencart\grid-docker.xml

15:41:27 [main] INFO  org.testng.internal.Utils - [TestNG] Running:
  D:\Automation Files\Automation Project\Opencart\grid-docker.xml

15:42:05 [main] INFO  org.testng.internal.Utils - [TestNG] Running:
  D:\Automation Files\Automation Project\Opencart\grid-docker.xml

15:58:12 [main] ERROR org.testng.reporters.jq.Main - D:\Automation Files\Automation Project\Opencart\test-output\jquery-3.6.0.min.js
java.nio.file.FileAlreadyExistsException: D:\Automation Files\Automation Project\Opencart\test-output\jquery-3.6.0.min.js
	at java.base/sun.nio.fs.WindowsException.translateToIOException(WindowsException.java:87)
	at java.base/sun.nio.fs.WindowsException.rethrowAsIOException(WindowsException.java:103)
	at java.base/sun.nio.fs.WindowsException.rethrowAsIOException(WindowsException.java:108)
	at java.base/sun.nio.fs.WindowsFileSystemProvider.newByteChannel(WindowsFileSystemProvider.java:234)
	at java.base/java.nio.file.spi.FileSystemProvider.newOutputStream(FileSystemProvider.java:482)
	at java.base/java.nio.file.Files.newOutputStream(Files.java:228)
	at java.base/java.nio.file.Files.copy(Files.java:3153)
	at org.testng.reporters.jq.Main.generateReport(Main.java:95)
	at org.testng.TestNG.generateReports(TestNG.java:1160)
	at org.testng.TestNG.run(TestNG.java:1085)
	at org.testng.remote.AbstractRemoteTestNG.run(AbstractRemoteTestNG.java:115)
	at org.testng.remote.RemoteTestNG.initAndRun(RemoteTestNG.java:293)
	at org.testng.remote.RemoteTestNG.main(RemoteTestNG.java:91)
15:58:13 [main] INFO  org.testng.internal.Utils - [[Utils]] Error while writing to D:\Automation Files\Automation Project\Opencart\test-output\junitreports\TEST-testCases.TC002_LoginTest.xml: D:\Automation Files\Automation Project\Opencart\test-output\junitreports\TEST-testCases.TC002_LoginTest.xml (Access is denied)
17:17:16 [main] INFO  org.testng.internal.Utils - [TestNG] Running:
  D:\Automation Files\Automation Project\Opencart\grid-docker.xml

17:31:08 [main] INFO  org.testng.internal.Utils - [TestNG] Running:
  D:\Automation Files\Automation Project\Opencart\grid-docker.xml

17:31:37 [main] INFO  testCases.TC001_AccountRegistrationTest - *****Starting TC001_AccountRegistrationTest*****
17:31:44 [main] INFO  testCases.TC001_AccountRegistrationTest - *** Finished TC001_AccountRegistrationTest ***
17:31:47 [main] INFO  testCases.TC002_LoginTest - **Starting TC002_LoginTest**
17:31:49 [main] INFO  testCases.TC002_LoginTest - **Finished TC002_LoginTest**
17:32:00 [main] INFO  testCases.TC001_AccountRegistrationTest - *****Starting TC001_AccountRegistrationTest*****
17:32:05 [main] INFO  testCases.TC001_AccountRegistrationTest - *** Finished TC001_AccountRegistrationTest ***
17:32:15 [main] INFO  testCases.TC002_LoginTest - **Starting TC002_LoginTest**
17:32:16 [main] INFO  testCases.TC002_LoginTest - **Finished TC002_LoginTest**
17:33:12 [main] INFO  org.testng.internal.Utils - [TestNG] Running:
  D:\Automation Files\Automation Project\Opencart\grid-docker.xml

18:12:07 [main] INFO  org.testng.internal.Utils - [TestNG] Running:
  D:\Automation Files\Automation Project\Opencart\grid-docker.xml

18:27:06 [main] INFO  org.testng.internal.Utils - [TestNG] Running:
  D:\Automation Files\Automation Project\Opencart\grid-docker.xml

18:27:11 [main] INFO  testCases.TC001_AccountRegistrationTest - *****Starting TC001_AccountRegistrationTest*****
18:27:23 [main] INFO  testCases.TC002_LoginTest - **Starting TC002_LoginTest**
18:27:41 [main] INFO  testCases.TC001_AccountRegistrationTest - *****Starting TC001_AccountRegistrationTest*****
18:27:46 [main] INFO  testCases.TC002_LoginTest - **Starting TC002_LoginTest**
18:29:50 [main] INFO  org.testng.internal.Utils - [TestNG] Running:
  D:\Automation Files\Automation Project\Opencart\grid-docker.xml

18:38:28 [main] INFO  org.testng.internal.Utils - [TestNG] Running:
  D:\Automation Files\Automation Project\Opencart\grid-docker.xml

18:38:37 [main] INFO  testCases.TC001_AccountRegistrationTest - *****Starting TC001_AccountRegistrationTest*****
18:38:41 [main] INFO  testCases.TC001_AccountRegistrationTest - *** Finished TC001_AccountRegistrationTest ***
18:38:43 [main] INFO  testCases.TC002_LoginTest - **Starting TC002_LoginTest**
18:38:45 [main] INFO  testCases.TC002_LoginTest - **Finished TC002_LoginTest**
18:38:54 [main] INFO  testCases.TC001_AccountRegistrationTest - *****Starting TC001_AccountRegistrationTest*****
18:38:58 [main] INFO  testCases.TC001_AccountRegistrationTest - *** Finished TC001_AccountRegistrationTest ***
18:39:08 [main] INFO  testCases.TC002_LoginTest - **Starting TC002_LoginTest**
18:39:10 [main] INFO  testCases.TC002_LoginTest - **Finished TC002_LoginTest**
21:43:54 [main] INFO  org.testng.internal.Utils - [TestNG] Running:
  D:\Automation Files\Automation Project\Opencart\grid-docker.xml

22:36:40 [main] INFO  org.testng.internal.Utils - [TestNG] Running:
  D:\Automation Files\Automation Project\Opencart\grid-docker.xml

11:33:16 [main] INFO  org.testng.internal.Utils - [TestNG] Running:
  D:\Automation Files\Automation Project\Opencart\grid-docker.xml

11:42:47 [main] INFO  org.testng.internal.Utils - [TestNG] Running:
  D:\Automation Files\Automation Project\Opencart\grid-docker.xml

11:45:27 [main] INFO  org.testng.internal.Utils - [TestNG] Running:
  D:\Automation Files\Automation Project\Opencart\grid-docker.xml

11:46:56 [main] INFO  org.testng.internal.Utils - [TestNG] Running:
  D:\Automation Files\Automation Project\Opencart\grid-docker.xml

11:52:46 [main] INFO  org.testng.internal.Utils - [TestNG] Running:
  D:\Automation Files\Automation Project\Opencart\grid-docker.xml

11:57:15 [main] INFO  org.testng.internal.Utils - [TestNG] Running:
  D:\Automation Files\Automation Project\Opencart\grid-docker.xml

11:57:27 [main] INFO  testCases.TC001_AccountRegistrationTest - *****Starting TC001_AccountRegistrationTest*****
11:57:36 [main] INFO  testCases.TC002_LoginTest - **Starting TC002_LoginTest**
11:57:45 [main] INFO  testCases.TC006_ShoppingCartTest - ******** Starting TC006_ShoppingCartTest ********
11:57:56 [main] INFO  testCases.TC007_CheckoutPageTest - ******** Starting TC007_CheckoutPageTest ********
12:01:50 [main] INFO  org.testng.internal.Utils - [TestNG] Running:
  D:\Automation Files\Automation Project\Opencart\grid-docker.xml

12:01:58 [main] INFO  testCases.TC001_AccountRegistrationTest - *****Starting TC001_AccountRegistrationTest*****
12:02:08 [main] INFO  testCases.TC002_LoginTest - **Starting TC002_LoginTest**
12:02:17 [main] INFO  testCases.TC006_ShoppingCartTest - ******** Starting TC006_ShoppingCartTest ********
12:02:24 [main] INFO  testCases.TC007_CheckoutPageTest - ******** Starting TC007_CheckoutPageTest ********
12:07:08 [main] INFO  org.testng.internal.Utils - [TestNG] Running:
  D:\Automation Files\Automation Project\Opencart\grid-docker.xml

12:07:30 [main] INFO  testCases.TC001_AccountRegistrationTest - *****Starting TC001_AccountRegistrationTest*****
12:07:41 [main] INFO  testCases.TC002_LoginTest - **Starting TC002_LoginTest**
12:07:50 [main] INFO  testCases.TC006_ShoppingCartTest - ******** Starting TC006_ShoppingCartTest ********
12:07:58 [main] INFO  testCases.TC007_CheckoutPageTest - ******** Starting TC007_CheckoutPageTest ********
12:15:05 [main] INFO  org.testng.internal.Utils - [TestNG] Running:
  D:\Automation Files\Automation Project\Opencart\grid-docker.xml

12:15:27 [main] INFO  org.testng.internal.Utils - [TestNG] Running:
  D:\Automation Files\Automation Project\Opencart\grid-docker.xml

12:30:50 [main] INFO  org.testng.internal.Utils - [TestNG] Running:
  D:\Automation Files\Automation Project\Opencart\grid-docker.xml

12:31:35 [main] INFO  org.testng.internal.Utils - [TestNG] Running:
  D:\Automation Files\Automation Project\Opencart\grid-docker.xml

12:31:53 [main] INFO  testCases.TC001_AccountRegistrationTest - *****Starting TC001_AccountRegistrationTest*****
12:32:03 [main] INFO  testCases.TC002_LoginTest - **Starting TC002_LoginTest**
12:32:12 [main] INFO  testCases.TC006_ShoppingCartTest - ******** Starting TC006_ShoppingCartTest ********
12:32:23 [main] INFO  testCases.TC007_CheckoutPageTest - ******** Starting TC007_CheckoutPageTest ********
12:33:24 [main] INFO  org.testng.internal.Utils - [TestNG] Running:
  D:\Automation Files\Automation Project\Opencart\grid-docker.xml

12:33:32 [main] INFO  testCases.TC001_AccountRegistrationTest - *****Starting TC001_AccountRegistrationTest*****
12:33:42 [main] INFO  testCases.TC002_LoginTest - **Starting TC002_LoginTest**
12:33:50 [main] INFO  testCases.TC006_ShoppingCartTest - ******** Starting TC006_ShoppingCartTest ********
12:33:57 [main] INFO  testCases.TC007_CheckoutPageTest - ******** Starting TC007_CheckoutPageTest ********
12:50:21 [main] INFO  org.testng.internal.Utils - [TestNG] Running:
  D:\Automation Files\Automation Project\Opencart\grid-docker.xml

12:50:30 [main] INFO  testCases.TC001_AccountRegistrationTest - *****Starting TC001_AccountRegistrationTest*****
12:50:42 [main] INFO  testCases.TC002_LoginTest - **Starting TC002_LoginTest**
12:50:55 [main] INFO  testCases.TC006_ShoppingCartTest - ******** Starting TC006_ShoppingCartTest ********
12:51:07 [main] INFO  testCases.TC007_CheckoutPageTest - ******** Starting TC007_CheckoutPageTest ********
12:51:29 [main] INFO  testCases.TC001_AccountRegistrationTest - *****Starting TC001_AccountRegistrationTest*****
12:51:37 [main] INFO  testCases.TC002_LoginTest - **Starting TC002_LoginTest**
12:51:47 [main] INFO  testCases.TC006_ShoppingCartTest - ******** Starting TC006_ShoppingCartTest ********
12:51:58 [main] INFO  testCases.TC007_CheckoutPageTest - ******** Starting TC007_CheckoutPageTest ********
13:02:44 [main] INFO  org.testng.internal.Utils - [TestNG] Running:
  D:\Automation Files\Automation Project\Opencart\grid-docker.xml

13:02:51 [main] INFO  testCases.TC001_AccountRegistrationTest - *****Starting TC001_AccountRegistrationTest*****
13:03:05 [main] INFO  testCases.TC002_LoginTest - **Starting TC002_LoginTest**
13:03:18 [main] INFO  testCases.TC006_ShoppingCartTest - ******** Starting TC006_ShoppingCartTest ********
13:03:31 [main] INFO  testCases.TC007_CheckoutPageTest - ******** Starting TC007_CheckoutPageTest ********
13:03:55 [main] INFO  testCases.TC001_AccountRegistrationTest - *****Starting TC001_AccountRegistrationTest*****
13:04:05 [main] INFO  testCases.TC002_LoginTest - **Starting TC002_LoginTest**
13:04:16 [main] INFO  testCases.TC006_ShoppingCartTest - ******** Starting TC006_ShoppingCartTest ********
13:04:26 [main] INFO  testCases.TC007_CheckoutPageTest - ******** Starting TC007_CheckoutPageTest ********
13:06:37 [main] INFO  org.testng.internal.Utils - [TestNG] Running:
  D:\Automation Files\Automation Project\Opencart\grid-docker.xml

13:07:31 [main] INFO  testCases.TC001_AccountRegistrationTest - *****Starting TC001_AccountRegistrationTest*****
13:08:34 [main] INFO  testCases.TC002_LoginTest - **Starting TC002_LoginTest**
13:09:37 [main] INFO  testCases.TC006_ShoppingCartTest - ******** Starting TC006_ShoppingCartTest ********
13:10:40 [main] INFO  testCases.TC007_CheckoutPageTest - ******** Starting TC007_CheckoutPageTest ********
13:11:52 [main] INFO  testCases.TC001_AccountRegistrationTest - *****Starting TC001_AccountRegistrationTest*****
13:12:51 [main] INFO  testCases.TC002_LoginTest - **Starting TC002_LoginTest**
13:13:51 [main] INFO  testCases.TC006_ShoppingCartTest - ******** Starting TC006_ShoppingCartTest ********
13:14:53 [main] INFO  testCases.TC007_CheckoutPageTest - ******** Starting TC007_CheckoutPageTest ********
13:20:17 [main] INFO  org.testng.internal.Utils - [TestNG] Running:
  D:\Automation Files\Automation Project\Opencart\grid-docker.xml

13:21:27 [main] INFO  org.testng.internal.Utils - [TestNG] Running:
  D:\Automation Files\Automation Project\Opencart\grid-docker.xml

13:24:10 [main] INFO  org.testng.internal.Utils - [TestNG] Running:
  D:\Automation Files\Automation Project\Opencart\grid-docker.xml

13:25:01 [main] INFO  org.testng.internal.Utils - [TestNG] Running:
  D:\Automation Files\Automation Project\Opencart\grid-docker.xml

13:25:12 [main] INFO  testCases.TC001_AccountRegistrationTest - *****Starting TC001_AccountRegistrationTest*****
13:25:19 [main] INFO  testCases.TC001_AccountRegistrationTest - *** Finished TC001_AccountRegistrationTest ***
13:25:22 [main] INFO  testCases.TC002_LoginTest - **Starting TC002_LoginTest**
13:25:27 [main] INFO  testCases.TC002_LoginTest - **Finished TC002_LoginTest**
13:25:29 [main] INFO  testCases.TC006_ShoppingCartTest - ******** Starting TC006_ShoppingCartTest ********
13:25:46 [main] INFO  testCases.TC006_ShoppingCartTest - ******** Finished TC006_ShoppingCartTest ********
13:25:49 [main] INFO  testCases.TC007_CheckoutPageTest - ******** Starting TC007_CheckoutPageTest ********
13:26:11 [main] INFO  testCases.TC007_CheckoutPageTest - ******** Finished TC007_CheckoutPageTest ********
13:26:22 [main] INFO  testCases.TC001_AccountRegistrationTest - *****Starting TC001_AccountRegistrationTest*****
13:26:29 [main] INFO  testCases.TC001_AccountRegistrationTest - *** Finished TC001_AccountRegistrationTest ***
13:26:35 [main] INFO  testCases.TC002_LoginTest - **Starting TC002_LoginTest**
13:26:38 [main] INFO  testCases.TC002_LoginTest - **Finished TC002_LoginTest**
13:26:46 [main] INFO  testCases.TC006_ShoppingCartTest - ******** Starting TC006_ShoppingCartTest ********
13:26:57 [main] INFO  testCases.TC006_ShoppingCartTest - ******** Finished TC006_ShoppingCartTest ********
13:27:05 [main] INFO  testCases.TC007_CheckoutPageTest - ******** Starting TC007_CheckoutPageTest ********
13:27:22 [main] INFO  testCases.TC007_CheckoutPageTest - ******** Finished TC007_CheckoutPageTest ********
14:36:57 [main] INFO  org.testng.internal.Utils - [TestNG] Running:
  D:\Automation Files\Automation Project\Opencart\grid-docker.xml

14:37:12 [main] INFO  testCases.TC001_AccountRegistrationTest - *****Starting TC001_AccountRegistrationTest*****
14:37:18 [main] INFO  testCases.TC001_AccountRegistrationTest - *** Finished TC001_AccountRegistrationTest ***
14:37:20 [main] INFO  testCases.TC002_LoginTest - **Starting TC002_LoginTest**
14:37:23 [main] INFO  testCases.TC002_LoginTest - **Finished TC002_LoginTest**
14:37:25 [main] INFO  testCases.TC006_ShoppingCartTest - ******** Starting TC006_ShoppingCartTest ********
14:37:38 [main] INFO  testCases.TC006_ShoppingCartTest - ******** Finished TC006_ShoppingCartTest ********
14:37:40 [main] INFO  testCases.TC007_CheckoutPageTest - ******** Starting TC007_CheckoutPageTest ********
14:38:18 [main] INFO  testCases.TC001_AccountRegistrationTest - *****Starting TC001_AccountRegistrationTest*****
14:38:25 [main] INFO  testCases.TC001_AccountRegistrationTest - *** Finished TC001_AccountRegistrationTest ***
14:38:32 [main] INFO  testCases.TC002_LoginTest - **Starting TC002_LoginTest**
14:38:35 [main] INFO  testCases.TC002_LoginTest - **Finished TC002_LoginTest**
14:38:43 [main] INFO  testCases.TC006_ShoppingCartTest - ******** Starting TC006_ShoppingCartTest ********
14:38:54 [main] INFO  testCases.TC006_ShoppingCartTest - ******** Finished TC006_ShoppingCartTest ********
14:39:01 [main] INFO  testCases.TC007_CheckoutPageTest - ******** Starting TC007_CheckoutPageTest ********
14:41:12 [main] INFO  org.testng.internal.Utils - [TestNG] Running:
  D:\Automation Files\Automation Project\Opencart\grid-docker.xml

14:41:17 [main] INFO  testCases.TC001_AccountRegistrationTest - *****Starting TC001_AccountRegistrationTest*****
14:41:23 [main] INFO  testCases.TC001_AccountRegistrationTest - *** Finished TC001_AccountRegistrationTest ***
14:41:25 [main] INFO  testCases.TC002_LoginTest - **Starting TC002_LoginTest**
14:41:28 [main] INFO  testCases.TC002_LoginTest - **Finished TC002_LoginTest**
14:41:30 [main] INFO  testCases.TC006_ShoppingCartTest - ******** Starting TC006_ShoppingCartTest ********
14:41:43 [main] INFO  testCases.TC006_ShoppingCartTest - ******** Finished TC006_ShoppingCartTest ********
14:41:45 [main] INFO  testCases.TC007_CheckoutPageTest - ******** Starting TC007_CheckoutPageTest ********
14:42:03 [main] INFO  testCases.TC007_CheckoutPageTest - ******** Finished TC007_CheckoutPageTest ********
14:42:10 [main] INFO  testCases.TC001_AccountRegistrationTest - *****Starting TC001_AccountRegistrationTest*****
14:42:16 [main] INFO  testCases.TC001_AccountRegistrationTest - *** Finished TC001_AccountRegistrationTest ***
14:42:23 [main] INFO  testCases.TC002_LoginTest - **Starting TC002_LoginTest**
14:42:26 [main] INFO  testCases.TC002_LoginTest - **Finished TC002_LoginTest**
14:42:31 [main] INFO  testCases.TC006_ShoppingCartTest - ******** Starting TC006_ShoppingCartTest ********
14:42:42 [main] INFO  testCases.TC006_ShoppingCartTest - ******** Finished TC006_ShoppingCartTest ********
14:42:49 [main] INFO  testCases.TC007_CheckoutPageTest - ******** Starting TC007_CheckoutPageTest ********
14:45:13 [main] INFO  org.testng.internal.Utils - [TestNG] Running:
  D:\Automation Files\Automation Project\Opencart\grid-docker.xml

14:45:19 [main] INFO  testCases.TC001_AccountRegistrationTest - *****Starting TC001_AccountRegistrationTest*****
14:45:26 [main] INFO  testCases.TC001_AccountRegistrationTest - *** Finished TC001_AccountRegistrationTest ***
14:45:33 [main] INFO  testCases.TC002_LoginTest - **Starting TC002_LoginTest**
14:45:37 [main] INFO  testCases.TC002_LoginTest - **Finished TC002_LoginTest**
14:45:43 [main] INFO  testCases.TC006_ShoppingCartTest - ******** Starting TC006_ShoppingCartTest ********
14:45:53 [main] INFO  testCases.TC006_ShoppingCartTest - ******** Finished TC006_ShoppingCartTest ********
14:46:00 [main] INFO  testCases.TC007_CheckoutPageTest - ******** Starting TC007_CheckoutPageTest ********
14:48:17 [main] INFO  org.testng.internal.Utils - [TestNG] Running:
  D:\Automation Files\Automation Project\Opencart\grid-docker.xml

14:48:23 [main] INFO  testCases.TC001_AccountRegistrationTest - *****Starting TC001_AccountRegistrationTest*****
14:48:28 [main] INFO  testCases.TC001_AccountRegistrationTest - *** Finished TC001_AccountRegistrationTest ***
14:48:35 [main] INFO  testCases.TC002_LoginTest - **Starting TC002_LoginTest**
14:48:38 [main] INFO  testCases.TC002_LoginTest - **Finished TC002_LoginTest**
14:48:45 [main] INFO  testCases.TC007_CheckoutPageTest - ******** Starting TC007_CheckoutPageTest ********
15:35:04 [main] INFO  org.testng.internal.Utils - [TestNG] Running:
  D:\Automation Files\Automation Project\Opencart\grid-docker.xml

15:35:19 [main] INFO  testCases.TC001_AccountRegistrationTest - *****Starting TC001_AccountRegistrationTest*****
15:35:25 [main] INFO  testCases.TC001_AccountRegistrationTest - *** Finished TC001_AccountRegistrationTest ***
15:35:29 [main] INFO  testCases.TC002_LoginTest - **Starting TC002_LoginTest**
15:35:32 [main] INFO  testCases.TC002_LoginTest - **Finished TC002_LoginTest**
15:35:43 [main] INFO  testCases.TC001_AccountRegistrationTest - *****Starting TC001_AccountRegistrationTest*****
15:35:48 [main] INFO  testCases.TC001_AccountRegistrationTest - *** Finished TC001_AccountRegistrationTest ***
15:35:53 [main] INFO  testCases.TC002_LoginTest - **Starting TC002_LoginTest**
15:35:57 [main] INFO  testCases.TC002_LoginTest - **Finished TC002_LoginTest**
11:20:50 [main] INFO  org.testng.internal.Utils - [TestNG] Running:
  D:\Automation Files\Automation Project\Opencart\grid-docker.xml

11:21:08 [main] INFO  testCases.TC001_AccountRegistrationTest - *****Starting TC001_AccountRegistrationTest*****
11:21:15 [main] INFO  testCases.TC001_AccountRegistrationTest - *** Finished TC001_AccountRegistrationTest ***
11:21:17 [main] INFO  testCases.TC002_LoginTest - **Starting TC002_LoginTest**
11:21:19 [main] INFO  testCases.TC002_LoginTest - **Finished TC002_LoginTest**
11:21:39 [main] INFO  testCases.TC001_AccountRegistrationTest - *****Starting TC001_AccountRegistrationTest*****
11:21:46 [main] INFO  testCases.TC001_AccountRegistrationTest - *** Finished TC001_AccountRegistrationTest ***
11:21:53 [main] INFO  testCases.TC002_LoginTest - **Starting TC002_LoginTest**
11:21:55 [main] INFO  testCases.TC002_LoginTest - **Finished TC002_LoginTest**
11:32:25 [main] INFO  testCases.TC001_AccountRegistrationTest - *****Starting TC001_AccountRegistrationTest*****
11:32:31 [main] INFO  testCases.TC001_AccountRegistrationTest - *** Finished TC001_AccountRegistrationTest ***
11:32:35 [main] INFO  testCases.TC002_LoginTest - **Starting TC002_LoginTest**
11:32:37 [main] INFO  testCases.TC002_LoginTest - **Finished TC002_LoginTest**
11:32:58 [main] INFO  testCases.TC002_LoginTest - **Starting TC002_LoginTest**
11:35:42 [main] INFO  testCases.TC001_AccountRegistrationTest - *****Starting TC001_AccountRegistrationTest*****
11:35:47 [main] INFO  testCases.TC001_AccountRegistrationTest - *** Finished TC001_AccountRegistrationTest ***
11:35:49 [main] INFO  testCases.TC002_LoginTest - **Starting TC002_LoginTest**
11:35:51 [main] INFO  testCases.TC002_LoginTest - **Finished TC002_LoginTest**
12:25:16 [main] INFO  testCases.TC001_AccountRegistrationTest - *****Starting TC001_AccountRegistrationTest*****
12:25:21 [main] INFO  testCases.TC001_AccountRegistrationTest - *** Finished TC001_AccountRegistrationTest ***
12:25:24 [main] INFO  testCases.TC002_LoginTest - **Starting TC002_LoginTest**
12:25:26 [main] INFO  testCases.TC002_LoginTest - **Finished TC002_LoginTest**
12:25:29 [main] INFO  testCases.TC006_ShoppingCartTest - ******** Starting TC006_ShoppingCartTest ********
12:25:41 [main] INFO  testCases.TC006_ShoppingCartTest - ******** Finished TC006_ShoppingCartTest ********
12:25:43 [main] INFO  testCases.TC007_CheckoutPageTest - ******** Starting TC007_CheckoutPageTest ********
12:26:00 [main] INFO  testCases.TC007_CheckoutPageTest - ******** Finished TC007_CheckoutPageTest ********
12:34:41 [main] INFO  testCases.TC001_AccountRegistrationTest - *****Starting TC001_AccountRegistrationTest*****
12:34:46 [main] INFO  testCases.TC001_AccountRegistrationTest - *** Finished TC001_AccountRegistrationTest ***
12:34:49 [main] INFO  testCases.TC002_LoginTest - **Starting TC002_LoginTest**
12:34:51 [main] INFO  testCases.TC002_LoginTest - **Finished TC002_LoginTest**
12:34:53 [main] INFO  testCases.TC003_HeaderTest - Starting Header Section Verification
12:34:57 [main] INFO  testCases.TC003_HeaderTest - ******** Finished Header Section Verification ********
12:35:00 [main] INFO  testCases.TC004_ProductPageTest - ******** Starting TC004_ProductPageTest ********
12:35:03 [main] INFO  testCases.TC004_ProductPageTest - ******** Finished TC004_ProductPageTest ********
12:35:06 [main] INFO  testCases.TC005_PrdctDscptnTest - ******** Starting TC005_ProductDescriptionTest ********
12:35:10 [main] INFO  testCases.TC005_PrdctDscptnTest - ******** Finished TC005_ProductDescriptionTest ********
12:35:13 [main] INFO  testCases.TC006_ShoppingCartTest - ******** Starting TC006_ShoppingCartTest ********
12:35:21 [main] INFO  testCases.TC007_CheckoutPageTest - ******** Starting TC007_CheckoutPageTest ********
12:35:28 [main] INFO  testCases.TC008_LoginDDT - ***Starting TC008_LoginDataDrivenTest***
12:35:41 [main] INFO  testCases.TC008_LoginDDT - ***Finished TC008_LoginDataDrivenTest***
12:35:41 [main] INFO  testCases.TC008_LoginDDT - ***Starting TC008_LoginDataDrivenTest***
12:35:53 [main] INFO  testCases.TC008_LoginDDT - ***Finished TC008_LoginDataDrivenTest***
12:35:53 [main] INFO  testCases.TC008_LoginDDT - ***Starting TC008_LoginDataDrivenTest***
12:36:04 [main] INFO  testCases.TC008_LoginDDT - ***Finished TC008_LoginDataDrivenTest***
12:36:04 [main] INFO  testCases.TC008_LoginDDT - ***Starting TC008_LoginDataDrivenTest***
12:36:07 [main] INFO  testCases.TC008_LoginDDT - ***Finished TC008_LoginDataDrivenTest***
12:36:07 [main] INFO  testCases.TC008_LoginDDT - ***Starting TC008_LoginDataDrivenTest***
12:36:18 [main] INFO  testCases.TC008_LoginDDT - ***Finished TC008_LoginDataDrivenTest***
12:36:18 [main] INFO  testCases.TC008_LoginDDT - ***Starting TC008_LoginDataDrivenTest***
12:36:30 [main] INFO  testCases.TC008_LoginDDT - ***Finished TC008_LoginDataDrivenTest***
12:36:30 [main] INFO  testCases.TC008_LoginDDT - ***Starting TC008_LoginDataDrivenTest***
12:36:41 [main] INFO  testCases.TC008_LoginDDT - ***Finished TC008_LoginDataDrivenTest***
13:42:25 [main] INFO  testCases.TC001_AccountRegistrationTest - *****Starting TC001_AccountRegistrationTest*****
13:42:30 [main] INFO  testCases.TC001_AccountRegistrationTest - *** Finished TC001_AccountRegistrationTest ***
13:42:32 [main] INFO  testCases.TC002_LoginTest - **Starting TC002_LoginTest**
13:42:34 [main] INFO  testCases.TC002_LoginTest - **Finished TC002_LoginTest**
13:42:36 [main] INFO  testCases.TC006_ShoppingCartTest - ******** Starting TC006_ShoppingCartTest ********
13:42:44 [main] INFO  testCases.TC006_ShoppingCartTest - ******** Finished TC006_ShoppingCartTest ********
13:42:47 [main] INFO  testCases.TC007_CheckoutPageTest - ******** Starting TC007_CheckoutPageTest ********
13:43:02 [main] INFO  testCases.TC007_CheckoutPageTest - ******** Finished TC007_CheckoutPageTest ********
13:46:01 [main] INFO  testCases.TC001_AccountRegistrationTest - *****Starting TC001_AccountRegistrationTest*****
13:46:06 [main] INFO  testCases.TC001_AccountRegistrationTest - *** Finished TC001_AccountRegistrationTest ***
13:46:09 [main] INFO  testCases.TC002_LoginTest - **Starting TC002_LoginTest**
13:46:11 [main] INFO  testCases.TC002_LoginTest - **Finished TC002_LoginTest**
13:46:14 [main] INFO  testCases.TC006_ShoppingCartTest - ******** Starting TC006_ShoppingCartTest ********
13:46:23 [main] INFO  testCases.TC006_ShoppingCartTest - ******** Finished TC006_ShoppingCartTest ********
13:46:26 [main] INFO  testCases.TC007_CheckoutPageTest - ******** Starting TC007_CheckoutPageTest ********
13:56:59 [main] INFO  testCases.TC001_AccountRegistrationTest - *****Starting TC001_AccountRegistrationTest*****
13:57:02 [main] ERROR testCases.TC001_AccountRegistrationTest - TestCase Failed
14:08:33 [main] INFO  testCases.TC001_AccountRegistrationTest - *****Starting TC001_AccountRegistrationTest*****
14:08:37 [main] INFO  testCases.TC001_AccountRegistrationTest - *** Finished TC001_AccountRegistrationTest ***
14:08:39 [main] INFO  testCases.TC002_LoginTest - **Starting TC002_LoginTest**
14:08:41 [main] INFO  testCases.TC002_LoginTest - **Finished TC002_LoginTest**
14:08:43 [main] INFO  testCases.TC006_ShoppingCartTest - ******** Starting TC006_ShoppingCartTest ********
14:08:51 [main] INFO  testCases.TC006_ShoppingCartTest - ******** Finished TC006_ShoppingCartTest ********
14:08:53 [main] INFO  testCases.TC007_CheckoutPageTest - ******** Starting TC007_CheckoutPageTest ********
14:09:05 [main] INFO  testCases.TC007_CheckoutPageTest - ******** Finished TC007_CheckoutPageTest ********
14:09:31 [main] INFO  testCases.TC001_AccountRegistrationTest - *****Starting TC001_AccountRegistrationTest*****
14:09:35 [main] INFO  testCases.TC001_AccountRegistrationTest - *** Finished TC001_AccountRegistrationTest ***
14:09:37 [main] INFO  testCases.TC002_LoginTest - **Starting TC002_LoginTest**
14:09:39 [main] INFO  testCases.TC002_LoginTest - **Finished TC002_LoginTest**
14:09:41 [main] INFO  testCases.TC006_ShoppingCartTest - ******** Starting TC006_ShoppingCartTest ********
14:09:49 [main] INFO  testCases.TC006_ShoppingCartTest - ******** Finished TC006_ShoppingCartTest ********
14:09:51 [main] INFO  testCases.TC007_CheckoutPageTest - ******** Starting TC007_CheckoutPageTest ********
